2026-03-20T19:04:38.0980299Z,Updating submodules.,365cfcd1-eeb1-446b-9169-1a697057eb1f,0
2026-03-20T19:04:38.1777577Z,Preparing deployment for commit id 'b4acbd9388'.,892df69f-49f9-4986-a8d0-cecae4e3dee6,0
2026-03-20T19:04:38.4270288Z,Running build. Project type: OneDeploy,ee45b902-1b61-4449-acb6-3a745efc33a3,0
2026-03-20T19:04:38.4891683Z,Copying the manifest,0cbcbbf1-9609-42b5-a950-e4029719bf8f,0
2026-03-20T19:04:38.5672944Z,Clean deploying to C:\home\site\wwwroot,f104d28f-08c6-4904-a7bf-9a45c8852fff,0
2026-03-20T19:04:38.6454289Z,Generating deployment script.,2a104d19-2092-4205-95c2-a95b01626482,0
	2026-03-20T19:04:38.7391930Z,Using the following command to generate deployment script: 'azure site deploymentscript -y --no-dot-deployment -r "C:\local\Temp\zipdeploy\extracted" -o "C:\home\site\deployments\tools" --basic --sitePath "C:\local\Temp\zipdeploy\extracted"'.,,0
	2026-03-20T19:04:38.9423774Z,Generating deployment script for Web Site,,0
	2026-03-20T19:04:38.9579351Z,Generated deployment script files,,0
2026-03-20T19:04:39.0829332Z,Running deployment command...,570824f4-fb43-4f8a-afbf-563bb634ca6d,0
	2026-03-20T19:04:39.1142386Z,Command: "C:\home\site\deployments\tools\deploy.cmd",,0
	2026-03-20T19:04:39.3173109Z,Handling Basic Web Site deployment.,,0
	2026-03-20T19:04:39.6454840Z,Creating app_offline.htm,,0
	2026-03-20T19:04:39.6767146Z,KuduSync.NET from: 'C:\local\Temp\zipdeploy\extracted' to: 'C:\home\site\wwwroot',,0
	2026-03-20T19:04:39.6923191Z,Deleting file: 'hostingstart.html',,0
	2026-03-20T19:04:39.7079469Z,Copying file: 'appsettings.json',,0
	2026-03-20T19:04:39.7235830Z,Copying file: 'Azure.Core.dll',,0
	2026-03-20T19:04:39.7860720Z,Copying file: 'Azure.Identity.dll',,0
	2026-03-20T19:04:39.8016986Z,Copying file: 'Microsoft.Bcl.AsyncInterfaces.dll',,0
	2026-03-20T19:04:39.8173251Z,Copying file: 'Microsoft.Data.SqlClient.dll',,0
	2026-03-20T19:04:39.8329523Z,Copying file: 'Microsoft.EntityFrameworkCore.Abstractions.dll',,0
	2026-03-20T19:04:39.8642011Z,Copying file: 'Microsoft.EntityFrameworkCore.dll',,0
	2026-03-20T19:04:39.8798261Z,Copying file: 'Microsoft.EntityFrameworkCore.Relational.dll',,0
	2026-03-20T19:04:39.8955109Z,Copying file: 'Microsoft.EntityFrameworkCore.SqlServer.dll',,0
	2026-03-20T19:04:39.9267016Z,Copying file: 'Microsoft.Identity.Client.dll',,0
	2026-03-20T19:04:39.9423266Z,Copying file: 'Microsoft.Identity.Client.Extensions.Msal.dll',,0
	2026-03-20T19:04:39.9579528Z,Copying file: 'Microsoft.IdentityModel.Abstractions.dll',,0
	2026-03-20T19:04:39.9735762Z,Copying file: 'Microsoft.IdentityModel.JsonWebTokens.dll',,0
	2026-03-20T19:04:40.0048292Z,Copying file: 'Microsoft.IdentityModel.Logging.dll',,0
	2026-03-20T19:04:40.0204539Z,Copying file: 'Microsoft.IdentityModel.Protocols.dll',,0
	2026-03-20T19:04:40.0360797Z,Copying file: 'Microsoft.IdentityModel.Protocols.OpenIdConnect.dll',,0
	2026-03-20T19:04:40.0517044Z,Copying file: 'Microsoft.IdentityModel.Tokens.dll',,0
	2026-03-20T19:04:40.0673305Z,Copying file: 'Microsoft.SqlServer.Server.dll',,0
	2026-03-20T19:04:40.0986345Z,Copying file: 'Microsoft.Win32.SystemEvents.dll',,0
	2026-03-20T19:04:40.1142055Z,Copying file: 'Newtonsoft.Json.dll',,0
	2026-03-20T19:04:40.1298318Z,Copying file: 'QRCoder.dll',,0
	2026-03-20T19:04:40.1454564Z,Copying file: 'System.Configuration.ConfigurationManager.dll',,0
	2026-03-20T19:04:40.1767068Z,Copying file: 'System.Drawing.Common.dll',,0
	2026-03-20T19:04:40.1923333Z,Copying file: 'System.IdentityModel.Tokens.Jwt.dll',,0
	2026-03-20T19:04:40.2080375Z,Copying file: 'System.Memory.Data.dll',,0
	2026-03-20T19:04:40.2235837Z,Copying file: 'System.Runtime.Caching.dll',,0
	2026-03-20T19:04:40.2548458Z,Copying file: 'System.Security.Cryptography.ProtectedData.dll',,0
	2026-03-20T19:04:40.2704601Z,Copying file: 'System.Security.Permissions.dll',,0
	2026-03-20T19:04:40.2861138Z,Copying file: 'System.Windows.Extensions.dll',,0
	2026-03-20T19:04:40.3017115Z,Copying file: 'Twilio.dll',,0
	2026-03-20T19:04:40.3329621Z,Copying file: 'WeddingApp',,0
	2026-03-20T19:04:40.3485889Z,Copying file: 'WeddingApp.deps.json',,0
	2026-03-20T19:04:40.3642141Z,Copying file: 'WeddingApp.dll',,0
	2026-03-20T19:04:40.3798392Z,Copying file: 'WeddingApp.pdb',,0
	2026-03-20T19:04:40.3954647Z,Copying file: 'WeddingApp.runtimeconfig.json',,0
	2026-03-20T19:04:40.4267659Z,Copying file: 'WeddingApp.staticwebassets.endpoints.json',,0
	2026-03-20T19:04:40.4427469Z,Copying file: 'runtimes\unix\lib\net6.0\Microsoft.Data.SqlClient.dll',,0
	2026-03-20T19:04:40.4735987Z,Copying file: 'runtimes\unix\lib\net6.0\System.Drawing.Common.dll',,0
	2026-03-20T19:04:40.4892174Z,Copying file: 'runtimes\win\lib\net6.0\Microsoft.Data.SqlClient.dll',,0
	2026-03-20T19:04:40.5048419Z,Copying file: 'runtimes\win\lib\net6.0\Microsoft.Win32.SystemEvents.dll',,0
	2026-03-20T19:04:40.5204684Z,Copying file: 'runtimes\win\lib\net6.0\System.Drawing.Common.dll',,0
	2026-03-20T19:04:40.5517177Z,Copying file: 'runtimes\win\lib\net6.0\System.Runtime.Caching.dll',,0
	2026-03-20T19:04:40.5673435Z,Copying file: 'runtimes\win\lib\net6.0\System.Security.Cryptography.ProtectedData.dll',,0
	2026-03-20T19:04:40.5829690Z,Copying file: 'runtimes\win\lib\net6.0\System.Windows.Extensions.dll',,0
	2026-03-20T19:04:40.5986044Z,Copying file: 'runtimes\win-arm\native\Microsoft.Data.SqlClient.SNI.dll',,0
	2026-03-20T19:04:40.6302659Z,Copying file: 'runtimes\win-arm64\native\Microsoft.Data.SqlClient.SNI.dll',,0
	2026-03-20T19:04:40.6459097Z,Copying file: 'runtimes\win-x64\native\Microsoft.Data.SqlClient.SNI.dll',,0
	2026-03-20T19:04:40.6771615Z,Omitting next output lines...,,0
	2026-03-20T19:04:40.6927855Z,Finished successfully.,,0
2026-03-20T19:04:40.7709116Z,Build completed succesfully.,d7f5c89f-6efa-4342-ac32-b02fa0f70437,0
2026-03-20T19:04:40.8490413Z,Running post deployment command(s)...,5d03dade-1268-423a-9d09-8e006dd0fa0e,0
2026-03-20T19:04:40.9271645Z,Requesting site restart,905c631c-06df-484f-956d-7ca909d35f91,0
2026-03-20T19:04:41.0209299Z,Requesting site restart. Attempt #1,d54203e8-022c-4e89-945b-f78fffcab8d9,0
2026-03-20T19:04:41.4584385Z,Successfully requested a restart. Attempt #1,c486622c-e428-4814-8803-f443eab0c3eb,0
2026-03-20T19:04:41.5365566Z,Deployment successful.,a255a7b8-2b93-4db7-b5af-7f52733b435a,0
